Removed world/DIM-1/data/raids.dat: not used
Removed world/DIM-1/entities/r.-1.1.mca: 0 size
Removed world/DIM-1/entities/r.-8.0.mca: 0 size
Removed world/DIM-1/poi/r.-1.1.mca: 0 size
Removed world/DIM-1/poi/r.-2.-1.mca: 0 size
Removed world/DIM-1/poi/r.-2.0.mca: 0 size
Removed world/DIM-1/poi/r.-8.0.mca: 0 size
Removed world/DIM-1/poi/r.-8.1.mca: 0 size
Removed world/DIM-1/poi/r.0.-1.mca: 0 size
Removed world/gc-logs/gc-20211111_2343.log: not used
Removed world/gc-logs/gc-20211113_0241.log: not used
Removed world/gc-logs/gc-20211118_1726.log: not used
Removed world/level.dat_old.gz: not used
Removed world/playerdata/2794c823-5a4d-4338-b08d-c2b4a2501b9b.dat_old.gz: not used
Removed world/playerdata/7e942684-614e-4329-966e-b731ee7f97b3.dat_old.gz: not used
Removed world/playerdata/9f92b9d5-558b-4f76-a56a-ab5f663bad23.dat_old.gz: not used
Removed world/playerdata/ad2e6226-3556-4082-8b6c-5e2eb780bc5b.dat_old.gz: not used
Removed world/playerdata/c2a10009-31f7-4f83-9c93-f0e3efd490b2.dat_old.gz: not used
Removed world/poi/r.-1.10.mca: 0 size
Removed world/poi/r.-1.11.mca: 0 size
Removed world/poi/r.-1.15.mca: 0 size
Removed world/poi/r.-1.17.mca: 0 size
Removed world/poi/r.-1.5.mca: 0 size
Removed world/poi/r.-2.-5.mca: 0 size
Removed world/poi/r.-2.11.mca: 0 size
Removed world/poi/r.-2.14.mca: 0 size
Removed world/poi/r.-2.17.mca: 0 size
Removed world/poi/r.-2.18.mca: 0 size
Removed world/poi/r.-2.19.mca: 0 size
Removed world/poi/r.-2.21.mca: 0 size
Removed world/poi/r.-2.4.mca: 0 size
Removed world/poi/r.-3.-3.mca: 0 size
Removed world/poi/r.-3.-4.mca: 0 size
Removed world/poi/r.-3.1.mca: 0 size
Removed world/poi/r.-3.12.mca: 0 size
Removed world/poi/r.-3.13.mca: 0 size
Removed world/poi/r.-3.14.mca: 0 size
Removed world/poi/r.-3.15.mca: 0 size
Removed world/poi/r.-3.17.mca: 0 size
Removed world/poi/r.-3.19.mca: 0 size
Removed world/poi/r.-3.20.mca: 0 size
Removed world/poi/r.-3.4.mca: 0 size
Removed world/poi/r.-3.6.mca: 0 size
Removed world/poi/r.-3.7.mca: 0 size
Removed world/poi/r.-3.9.mca: 0 size
Removed world/poi/r.-4.-1.mca: 0 size
Removed world/poi/r.-4.2.mca: 0 size
Removed world/poi/r.-4.3.mca: 0 size
Removed world/poi/r.-5.-1.mca: 0 size
Removed world/poi/r.-5.2.mca: 0 size
Removed world/poi/r.-6.2.mca: 0 size
Removed world/poi/r.-6.4.mca: 0 size
Removed world/poi/r.-7.0.mca: 0 size
Removed world/poi/r.-9.0.mca: 0 size
Removed world/poi/r.0.-4.mca: 0 size
Removed world/poi/r.0.16.mca: 0 size
Removed world/poi/r.0.3.mca: 0 size
Removed world/poi/r.1.0.mca: 0 size
Removed world/poi/r.2.-2.mca: 0 size
Removed world/poi/r.2.0.mca: 0 size
Removed world/poi/r.3.0.mca: 0 size
Validated 439 files, 378 accepted, 61 rejected.
